{
  "stats": {
    "suites": 1,
    "tests": 5,
    "passes": 5,
    "pending": 0,
    "failures": 0,
    "start": "2025-03-26T23:06:59.771Z",
    "end": "2025-03-26T23:07:08.895Z",
    "duration": 9124,
    "testsRegistered": 5,
    "passPercent": 100,
    "pendingPercent": 0,
    "other": 0,
    "hasOther": false,
    "skipped": 0,
    "hasSkipped": false
  },
  "results": [
    {
      "uuid": "e50a1ead-2fb1-4f3f-9cab-ff9c91381128",
      "title": "",
      "fullFile": "cypress\\e2e\\login.cy.js",
      "file": "cypress\\e2e\\login.cy.js",
      "beforeHooks": [],
      "afterHooks": [],
      "tests": [],
      "suites": [
        {
          "uuid": "4ae84fad-ee44-43f0-b8e6-d88507e07dcb",
          "title": "Login",
          "fullFile": "",
          "file": "",
          "beforeHooks": [],
          "afterHooks": [],
          "tests": [
            {
              "title": "Login com sucesso",
              "fullTitle": "Login Login com sucesso",
              "timedOut": null,
              "duration": 3128,
              "state": "passed",
              "speed": "fast",
              "pass": true,
              "fail": false,
              "pending": false,
              "context": null,
              "code": "//Dodo que\n//abrir aplicação\ncy.visit(\"https://automationpratice.com.br/login\");\n//preenche email e senha\ncy.get('#user').type('gal_corsantos@hotmail.com');\ncy.get('#password').type('123456');\n//Quando\n//clico em entrar\ncy.get('#btnLogin').click();\n//Então\n//login é realizado\ncy.get('#swal2-title').should('be.visible');\n//E\n//Valida mensagem\ncy.get('#swal2-title').should('have.text', 'Login realizado');",
              "err": {},
              "uuid": "fc6e75a3-0ce5-422d-ae59-faae923f3e43",
              "parentUUID": "4ae84fad-ee44-43f0-b8e6-d88507e07dcb",
              "isHook": false,
              "skipped": false
            },
            {
              "title": "E-mail invalido",
              "fullTitle": "Login E-mail invalido",
              "timedOut": null,
              "duration": 1429,
              "state": "passed",
              "speed": "fast",
              "pass": true,
              "fail": false,
              "pending": false,
              "context": null,
              "code": "cy.visit(\"https://automationpratice.com.br/login\");\ncy.get('#user').type('gal_corsantos@ho');\ncy.get('#password').type('123456');\ncy.get('#btnLogin').click();\ncy.get('.invalid_input').should('have.text', 'E-mail inválido.');",
              "err": {},
              "uuid": "6aef4a11-b925-4edf-8939-7e6cef2d4cbf",
              "parentUUID": "4ae84fad-ee44-43f0-b8e6-d88507e07dcb",
              "isHook": false,
              "skipped": false
            },
            {
              "title": "Senha invalida",
              "fullTitle": "Login Senha invalida",
              "timedOut": null,
              "duration": 1900,
              "state": "passed",
              "speed": "fast",
              "pass": true,
              "fail": false,
              "pending": false,
              "context": null,
              "code": "cy.visit(\"https://automationpratice.com.br/login\");\ncy.get('#user').type('gal_corsantos@hotmail.com');\ncy.get('#password').type('agtd1');\ncy.get('#btnLogin').click();\ncy.get('.invalid_input').should('have.text', 'Senha inválida.');",
              "err": {},
              "uuid": "4ae8f2a4-1e29-4bab-b319-70a879b3cc6c",
              "parentUUID": "4ae84fad-ee44-43f0-b8e6-d88507e07dcb",
              "isHook": false,
              "skipped": false
            },
            {
              "title": "Senha vazia",
              "fullTitle": "Login Senha vazia",
              "timedOut": null,
              "duration": 1269,
              "state": "passed",
              "speed": "fast",
              "pass": true,
              "fail": false,
              "pending": false,
              "context": null,
              "code": "cy.visit(\"https://automationpratice.com.br/login\");\ncy.get('#user').type('gal_corsantos@hotmail.com');\ncy.get('#btnLogin').click();\ncy.get('.invalid_input').should('have.text', 'Senha inválida.');",
              "err": {},
              "uuid": "20c86854-6634-4f7c-af53-9570e9db563d",
              "parentUUID": "4ae84fad-ee44-43f0-b8e6-d88507e07dcb",
              "isHook": false,
              "skipped": false
            },
            {
              "title": "E-mail vazio",
              "fullTitle": "Login E-mail vazio",
              "timedOut": null,
              "duration": 1015,
              "state": "passed",
              "speed": "fast",
              "pass": true,
              "fail": false,
              "pending": false,
              "context": null,
              "code": "cy.visit(\"https://automationpratice.com.br/login\");\ncy.get('#password').type('123456');\ncy.get('#btnLogin').click();\ncy.get('.invalid_input').should('have.text', 'E-mail inválido.');",
              "err": {},
              "uuid": "5c7c8caf-6778-4484-ae18-e9f5e1963fa3",
              "parentUUID": "4ae84fad-ee44-43f0-b8e6-d88507e07dcb",
              "isHook": false,
              "skipped": false
            }
          ],
          "suites": [],
          "passes": [
            "fc6e75a3-0ce5-422d-ae59-faae923f3e43",
            "6aef4a11-b925-4edf-8939-7e6cef2d4cbf",
            "4ae8f2a4-1e29-4bab-b319-70a879b3cc6c",
            "20c86854-6634-4f7c-af53-9570e9db563d",
            "5c7c8caf-6778-4484-ae18-e9f5e1963fa3"
          ],
          "failures": [],
          "pending": [],
          "skipped": [],
          "duration": 8741,
          "root": false,
          "rootEmpty": false,
          "_timeout": 2000
        }
      ],
      "passes": [],
      "failures": [],
      "pending": [],
      "skipped": [],
      "duration": 0,
      "root": true,
      "rootEmpty": true,
      "_timeout": 2000
    }
  ],
  "meta": {
    "mocha": {
      "version": "7.0.1"
    },
    "mochawesome": {
      "options": {
        "quiet": false,
        "reportFilename": "mochawesome",
        "saveHtml": true,
        "saveJson": true,
        "consoleReporter": "spec",
        "useInlineDiffs": false,
        "code": true
      },
      "version": "7.1.3"
    },
    "marge": {
      "options": {
        "reportDir": "cypress/reports/mochawesome-report",
        "overwrite": false,
        "html": true,
        "json": true,
        "timestamp": "mmddyyyy_HHMMss"
      },
      "version": "6.2.0"
    }
  }
}